[debug] [2022-10-03T12:39:41.837Z] ----------------------------------------------------------------------
[debug] [2022-10-03T12:39:41.841Z] Command:       C:\Program Files\nodejs\node.exe C:\Users\shaphat\AppData\Roaming\npm\node_modules\firebase-tools\lib\bin\firebase.js init
[debug] [2022-10-03T12:39:41.842Z] CLI Version:   11.13.0
[debug] [2022-10-03T12:39:41.842Z] Platform:      win32
[debug] [2022-10-03T12:39:41.842Z] Node Version:  v16.13.0
[debug] [2022-10-03T12:39:41.843Z] Time:          Mon Oct 03 2022 12:39:41 GMT+0000 (Greenwich Mean Time)
[debug] [2022-10-03T12:39:41.843Z] ----------------------------------------------------------------------
[debug] 
[debug] [2022-10-03T12:39:41.929Z] > command requires scopes: ["email","openid","https://www.googleapis.com/auth/cloudplatformprojects.readonly","https://www.googleapis.com/auth/firebase","https://www.googleapis.com/auth/cloud-platform"]
[debug] [2022-10-03T12:39:41.930Z] > authorizing via signed-in user (khalshaphat@gmail.com)
[info] 
     ######## #### ########  ######## ########     ###     ######  ########
     ##        ##  ##     ## ##       ##     ##  ##   ##  ##       ##
     ######    ##  ########  ######   ########  #########  ######  ######
     ##        ##  ##    ##  ##       ##     ## ##     ##       ## ##
     ##       #### ##     ## ######## ########  ##     ##  ######  ########

You're about to initialize a Firebase project in this directory:

  C:\Users\shaphat\Desktop\PROJECTS\START_UPS\Gamkrib\Gamkrib-backend\gamkrib_frontend

Before we get started, keep in mind:

  * You are initializing within an existing Firebase project directory

